{"/Users/maragreene/Desktop/bookExchange/app.js": {"path":"/Users/maragreene/Desktop/bookExchange/app.js","statementMap":{"0":{"start":{"line":3,"column":16},"end":{"line":3,"column":34}},"1":{"start":{"line":5,"column":21},"end":{"line":5,"column":54}},"2":{"start":{"line":7,"column":15},"end":{"line":7,"column":32}},"3":{"start":{"line":9,"column":12},"end":{"line":9,"column":21}},"4":{"start":{"line":14,"column":0},"end":{"line":14,"column":24}},"5":{"start":{"line":17,"column":0},"end":{"line":17,"column":24}},"6":{"start":{"line":21,"column":19},"end":{"line":21,"column":44}},"7":{"start":{"line":22,"column":19},"end":{"line":22,"column":44}},"8":{"start":{"line":23,"column":19},"end":{"line":23,"column":43}},"9":{"start":{"line":25,"column":0},"end":{"line":25,"column":30}},"10":{"start":{"line":26,"column":0},"end":{"line":26,"column":30}},"11":{"start":{"line":27,"column":0},"end":{"line":27,"column":25}},"12":{"start":{"line":33,"column":0},"end":{"line":39,"column":3}},"13":{"start":{"line":35,"column":16},"end":{"line":35,"column":50}},"14":{"start":{"line":38,"column":4},"end":{"line":38,"column":21}},"15":{"start":{"line":43,"column":0},"end":{"line":51,"column":3}},"16":{"start":{"line":44,"column":4},"end":{"line":44,"column":34}},"17":{"start":{"line":45,"column":4},"end":{"line":45,"column":29}},"18":{"start":{"line":47,"column":4},"end":{"line":50,"column":7}},"19":{"start":{"line":53,"column":0},"end":{"line":53,"column":21}}},"fnMap":{"0":{"name":"(anonymous_0)","decl":{"start":{"line":33,"column":8},"end":{"line":33,"column":9}},"loc":{"start":{"line":33,"column":34},"end":{"line":39,"column":1}},"line":33},"1":{"name":"(anonymous_1)","decl":{"start":{"line":43,"column":8},"end":{"line":43,"column":9}},"loc":{"start":{"line":43,"column":39},"end":{"line":51,"column":1}},"line":43}},"branchMap":{"0":{"loc":{"start":{"line":44,"column":15},"end":{"line":44,"column":32}},"type":"binary-expr","locations":[{"start":{"line":44,"column":15},"end":{"line":44,"column":25}},{"start":{"line":44,"column":29},"end":{"line":44,"column":32}}],"line":44}},"s":{"0":1,"1":1,"2":1,"3":1,"4":1,"5":1,"6":1,"7":1,"8":1,"9":1,"10":1,"11":1,"12":1,"13":0,"14":0,"15":1,"16":9,"17":9,"18":9,"19":1},"f":{"0":0,"1":9},"b":{"0":[9,1]},"_coverageSchema":"43e27e138ebf9cfc5966b082cf9a028302ed4184","hash":"28d59646bd6f657490215b75a7d54e0249d47daf"}
,"/Users/maragreene/Desktop/bookExchange/config.js": {"path":"/Users/maragreene/Desktop/bookExchange/config.js","statementMap":{"0":{"start":{"line":3,"column":0},"end":{"line":3,"column":27}},"1":{"start":{"line":5,"column":19},"end":{"line":5,"column":51}},"2":{"start":{"line":7,"column":13},"end":{"line":7,"column":38}},"3":{"start":{"line":12,"column":0},"end":{"line":16,"column":1}},"4":{"start":{"line":13,"column":4},"end":{"line":13,"column":26}},"5":{"start":{"line":15,"column":4},"end":{"line":15,"column":50}},"6":{"start":{"line":18,"column":0},"end":{"line":22,"column":2}}},"fnMap":{},"branchMap":{"0":{"loc":{"start":{"line":5,"column":19},"end":{"line":5,"column":51}},"type":"binary-expr","locations":[{"start":{"line":5,"column":19},"end":{"line":5,"column":41}},{"start":{"line":5,"column":45},"end":{"line":5,"column":51}}],"line":5},"1":{"loc":{"start":{"line":7,"column":13},"end":{"line":7,"column":38}},"type":"binary-expr","locations":[{"start":{"line":7,"column":13},"end":{"line":7,"column":30}},{"start":{"line":7,"column":34},"end":{"line":7,"column":38}}],"line":7},"2":{"loc":{"start":{"line":12,"column":0},"end":{"line":16,"column":1}},"type":"if","locations":[{"start":{"line":12,"column":0},"end":{"line":16,"column":1}},{"start":{"line":12,"column":0},"end":{"line":16,"column":1}}],"line":12},"3":{"loc":{"start":{"line":15,"column":13},"end":{"line":15,"column":49}},"type":"binary-expr","locations":[{"start":{"line":15,"column":13},"end":{"line":15,"column":37}},{"start":{"line":15,"column":41},"end":{"line":15,"column":49}}],"line":15}},"s":{"0":3,"1":3,"2":3,"3":3,"4":3,"5":0,"6":3},"f":{},"b":{"0":[3,3],"1":[3,3],"2":[3,0],"3":[0,0]},"_coverageSchema":"43e27e138ebf9cfc5966b082cf9a028302ed4184","hash":"48d3f229d00e25109a3c1dbcc4062a999ce18f17"}
,"/Users/maragreene/Desktop/bookExchange/db.js": {"path":"/Users/maragreene/Desktop/bookExchange/db.js","statementMap":{"0":{"start":{"line":3,"column":19},"end":{"line":3,"column":32}},"1":{"start":{"line":4,"column":19},"end":{"line":4,"column":38}},"2":{"start":{"line":6,"column":11},"end":{"line":8,"column":2}},"3":{"start":{"line":10,"column":0},"end":{"line":10,"column":13}},"4":{"start":{"line":12,"column":0},"end":{"line":12,"column":20}}},"fnMap":{},"branchMap":{},"s":{"0":3,"1":3,"2":3,"3":3,"4":3},"f":{},"b":{},"_coverageSchema":"43e27e138ebf9cfc5966b082cf9a028302ed4184","hash":"efc156b2548bca894ba89e7c7d9be7b9434d908c"}
,"/Users/maragreene/Desktop/bookExchange/helpers/createToken.js": {"path":"/Users/maragreene/Desktop/bookExchange/helpers/createToken.js","statementMap":{"0":{"start":{"line":1,"column":12},"end":{"line":1,"column":35}},"1":{"start":{"line":2,"column":23},"end":{"line":2,"column":43}},"2":{"start":{"line":7,"column":18},"end":{"line":10,"column":5}},"3":{"start":{"line":12,"column":4},"end":{"line":12,"column":41}},"4":{"start":{"line":15,"column":0},"end":{"line":15,"column":29}}},"fnMap":{"0":{"name":"createToken","decl":{"start":{"line":6,"column":9},"end":{"line":6,"column":20}},"loc":{"start":{"line":6,"column":27},"end":{"line":13,"column":1}},"line":6}},"branchMap":{},"s":{"0":1,"1":1,"2":15,"3":15,"4":1},"f":{"0":15},"b":{},"_coverageSchema":"43e27e138ebf9cfc5966b082cf9a028302ed4184","hash":"0a4d2ccd0d6241b6e3c3f20d33e7e847737166b6"}
,"/Users/maragreene/Desktop/bookExchange/helpers/expressError.js": {"path":"/Users/maragreene/Desktop/bookExchange/helpers/expressError.js","statementMap":{"0":{"start":{"line":11,"column":8},"end":{"line":11,"column":16}},"1":{"start":{"line":12,"column":8},"end":{"line":12,"column":31}},"2":{"start":{"line":13,"column":8},"end":{"line":13,"column":29}},"3":{"start":{"line":14,"column":8},"end":{"line":14,"column":34}},"4":{"start":{"line":18,"column":0},"end":{"line":18,"column":30}}},"fnMap":{"0":{"name":"(anonymous_0)","decl":{"start":{"line":10,"column":4},"end":{"line":10,"column":5}},"loc":{"start":{"line":10,"column":33},"end":{"line":15,"column":5}},"line":10}},"branchMap":{},"s":{"0":8,"1":8,"2":8,"3":8,"4":4},"f":{"0":8},"b":{},"_coverageSchema":"43e27e138ebf9cfc5966b082cf9a028302ed4184","hash":"0182f66076ffd3d7c81471f4cfc5324f2e99b449"}
,"/Users/maragreene/Desktop/bookExchange/helpers/partialUpdate.js": {"path":"/Users/maragreene/Desktop/bookExchange/helpers/partialUpdate.js","statementMap":{"0":{"start":{"line":20,"column":14},"end":{"line":20,"column":15}},"1":{"start":{"line":21,"column":18},"end":{"line":21,"column":20}},"2":{"start":{"line":25,"column":4},"end":{"line":29,"column":5}},"3":{"start":{"line":26,"column":8},"end":{"line":28,"column":9}},"4":{"start":{"line":27,"column":12},"end":{"line":27,"column":30}},"5":{"start":{"line":28,"column":10},"end":{"line":28,"column":12}},"6":{"start":{"line":31,"column":4},"end":{"line":34,"column":5}},"7":{"start":{"line":32,"column":8},"end":{"line":32,"column":42}},"8":{"start":{"line":33,"column":8},"end":{"line":33,"column":17}},"9":{"start":{"line":37,"column":15},"end":{"line":37,"column":33}},"10":{"start":{"line":38,"column":16},"end":{"line":38,"column":78}},"11":{"start":{"line":39,"column":17},"end":{"line":39,"column":37}},"12":{"start":{"line":40,"column":4},"end":{"line":40,"column":20}},"13":{"start":{"line":41,"column":4},"end":{"line":41,"column":29}},"14":{"start":{"line":44,"column":0},"end":{"line":44,"column":37}}},"fnMap":{"0":{"name":"sqlForPartialUpdate","decl":{"start":{"line":17,"column":9},"end":{"line":17,"column":28}},"loc":{"start":{"line":17,"column":52},"end":{"line":42,"column":1}},"line":17}},"branchMap":{"0":{"loc":{"start":{"line":26,"column":8},"end":{"line":28,"column":9}},"type":"if","locations":[{"start":{"line":26,"column":8},"end":{"line":28,"column":9}},{"start":{"line":26,"column":8},"end":{"line":28,"column":9}}],"line":26}},"s":{"0":7,"1":7,"2":7,"3":11,"4":5,"5":11,"6":7,"7":6,"8":6,"9":7,"10":7,"11":7,"12":7,"13":7,"14":4},"f":{"0":7},"b":{"0":[5,6]},"_coverageSchema":"43e27e138ebf9cfc5966b082cf9a028302ed4184","hash":"a7553d58c48e527b3115266f9ef16d31d68a1883"}
,"/Users/maragreene/Desktop/bookExchange/middleware/auth.js": {"path":"/Users/maragreene/Desktop/bookExchange/middleware/auth.js","statementMap":{"0":{"start":{"line":3,"column":12},"end":{"line":3,"column":35}},"1":{"start":{"line":4,"column":23},"end":{"line":4,"column":43}},"2":{"start":{"line":5,"column":21},"end":{"line":5,"column":55}},"3":{"start":{"line":16,"column":4},"end":{"line":24,"column":5}},"4":{"start":{"line":17,"column":25},"end":{"line":17,"column":60}},"5":{"start":{"line":19,"column":20},"end":{"line":19,"column":52}},"6":{"start":{"line":20,"column":8},"end":{"line":20,"column":45}},"7":{"start":{"line":21,"column":8},"end":{"line":21,"column":22}},"8":{"start":{"line":23,"column":8},"end":{"line":23,"column":74}},"9":{"start":{"line":36,"column":4},"end":{"line":50,"column":5}},"10":{"start":{"line":37,"column":25},"end":{"line":37,"column":40}},"11":{"start":{"line":39,"column":20},"end":{"line":39,"column":52}},"12":{"start":{"line":40,"column":8},"end":{"line":40,"column":45}},"13":{"start":{"line":42,"column":8},"end":{"line":44,"column":9}},"14":{"start":{"line":43,"column":12},"end":{"line":43,"column":26}},"15":{"start":{"line":47,"column":8},"end":{"line":47,"column":26}},"16":{"start":{"line":49,"column":8},"end":{"line":49,"column":77}},"17":{"start":{"line":63,"column":4},"end":{"line":77,"column":5}},"18":{"start":{"line":64,"column":25},"end":{"line":64,"column":40}},"19":{"start":{"line":66,"column":20},"end":{"line":66,"column":52}},"20":{"start":{"line":67,"column":8},"end":{"line":67,"column":45}},"21":{"start":{"line":69,"column":8},"end":{"line":71,"column":9}},"22":{"start":{"line":70,"column":12},"end":{"line":70,"column":26}},"23":{"start":{"line":74,"column":8},"end":{"line":74,"column":26}},"24":{"start":{"line":76,"column":8},"end":{"line":76,"column":59}},"25":{"start":{"line":80,"column":0},"end":{"line":84,"column":2}}},"fnMap":{"0":{"name":"authRequired","decl":{"start":{"line":15,"column":9},"end":{"line":15,"column":21}},"loc":{"start":{"line":15,"column":38},"end":{"line":25,"column":1}},"line":15},"1":{"name":"adminRequired","decl":{"start":{"line":35,"column":9},"end":{"line":35,"column":22}},"loc":{"start":{"line":35,"column":39},"end":{"line":51,"column":1}},"line":35},"2":{"name":"ensureCorrectUser","decl":{"start":{"line":62,"column":9},"end":{"line":62,"column":26}},"loc":{"start":{"line":62,"column":43},"end":{"line":78,"column":1}},"line":62}},"branchMap":{"0":{"loc":{"start":{"line":17,"column":25},"end":{"line":17,"column":60}},"type":"binary-expr","locations":[{"start":{"line":17,"column":25},"end":{"line":17,"column":40}},{"start":{"line":17,"column":44},"end":{"line":17,"column":60}}],"line":17},"1":{"loc":{"start":{"line":42,"column":8},"end":{"line":44,"column":9}},"type":"if","locations":[{"start":{"line":42,"column":8},"end":{"line":44,"column":9}},{"start":{"line":42,"column":8},"end":{"line":44,"column":9}}],"line":42},"2":{"loc":{"start":{"line":69,"column":8},"end":{"line":71,"column":9}},"type":"if","locations":[{"start":{"line":69,"column":8},"end":{"line":71,"column":9}},{"start":{"line":69,"column":8},"end":{"line":71,"column":9}}],"line":69}},"s":{"0":1,"1":1,"2":1,"3":2,"4":2,"5":2,"6":2,"7":2,"8":0,"9":1,"10":1,"11":1,"12":1,"13":1,"14":1,"15":0,"16":0,"17":11,"18":11,"19":11,"20":11,"21":11,"22":9,"23":2,"24":2,"25":1},"f":{"0":2,"1":1,"2":11},"b":{"0":[2,0],"1":[1,0],"2":[9,2]},"_coverageSchema":"43e27e138ebf9cfc5966b082cf9a028302ed4184","hash":"060285f3e9724e6e7df7da4f79b6b6c8d58c175c"}
,"/Users/maragreene/Desktop/bookExchange/models/books.js": {"path":"/Users/maragreene/Desktop/bookExchange/models/books.js","statementMap":{"0":{"start":{"line":1,"column":11},"end":{"line":1,"column":27}},"1":{"start":{"line":2,"column":21},"end":{"line":2,"column":55}},"2":{"start":{"line":3,"column":22},"end":{"line":3,"column":57}},"3":{"start":{"line":9,"column":23},"end":{"line":14,"column":9}},"4":{"start":{"line":15,"column":8},"end":{"line":15,"column":29}},"5":{"start":{"line":21,"column":21},"end":{"line":23,"column":24}},"6":{"start":{"line":24,"column":8},"end":{"line":24,"column":27}},"7":{"start":{"line":28,"column":21},"end":{"line":33,"column":9}},"8":{"start":{"line":34,"column":8},"end":{"line":34,"column":30}},"9":{"start":{"line":38,"column":25},"end":{"line":38,"column":53}},"10":{"start":{"line":39,"column":25},"end":{"line":39,"column":49}},"11":{"start":{"line":40,"column":8},"end":{"line":106,"column":9}},"12":{"start":{"line":41,"column":25},"end":{"line":46,"column":13}},"13":{"start":{"line":48,"column":12},"end":{"line":48,"column":31}},"14":{"start":{"line":50,"column":13},"end":{"line":106,"column":9}},"15":{"start":{"line":51,"column":25},"end":{"line":56,"column":13}},"16":{"start":{"line":57,"column":12},"end":{"line":59,"column":13}},"17":{"start":{"line":58,"column":16},"end":{"line":58,"column":84}},"18":{"start":{"line":62,"column":12},"end":{"line":62,"column":31}},"19":{"start":{"line":65,"column":13},"end":{"line":106,"column":9}},"20":{"start":{"line":66,"column":25},"end":{"line":71,"column":13}},"21":{"start":{"line":72,"column":12},"end":{"line":74,"column":13}},"22":{"start":{"line":73,"column":16},"end":{"line":73,"column":88}},"23":{"start":{"line":76,"column":12},"end":{"line":76,"column":31}},"24":{"start":{"line":79,"column":13},"end":{"line":106,"column":9}},"25":{"start":{"line":80,"column":25},"end":{"line":85,"column":13}},"26":{"start":{"line":86,"column":12},"end":{"line":88,"column":13}},"27":{"start":{"line":87,"column":16},"end":{"line":87,"column":88}},"28":{"start":{"line":90,"column":12},"end":{"line":90,"column":31}},"29":{"start":{"line":93,"column":13},"end":{"line":106,"column":9}},"30":{"start":{"line":94,"column":25},"end":{"line":99,"column":13}},"31":{"start":{"line":100,"column":12},"end":{"line":102,"column":13}},"32":{"start":{"line":101,"column":16},"end":{"line":101,"column":86}},"33":{"start":{"line":104,"column":12},"end":{"line":104,"column":31}},"34":{"start":{"line":109,"column":32},"end":{"line":109,"column":74}},"35":{"start":{"line":110,"column":23},"end":{"line":110,"column":52}},"36":{"start":{"line":111,"column":21},"end":{"line":111,"column":35}},"37":{"start":{"line":112,"column":8},"end":{"line":114,"column":9}},"38":{"start":{"line":113,"column":12},"end":{"line":113,"column":74}},"39":{"start":{"line":115,"column":8},"end":{"line":115,"column":27}},"40":{"start":{"line":120,"column":21},"end":{"line":125,"column":9}},"41":{"start":{"line":127,"column":8},"end":{"line":129,"column":9}},"42":{"start":{"line":128,"column":12},"end":{"line":128,"column":74}},"43":{"start":{"line":137,"column":0},"end":{"line":137,"column":22}}},"fnMap":{"0":{"name":"(anonymous_0)","decl":{"start":{"line":8,"column":4},"end":{"line":8,"column":5}},"loc":{"start":{"line":8,"column":102},"end":{"line":16,"column":5}},"line":8},"1":{"name":"(anonymous_1)","decl":{"start":{"line":20,"column":4},"end":{"line":20,"column":5}},"loc":{"start":{"line":20,"column":26},"end":{"line":25,"column":5}},"line":20},"2":{"name":"(anonymous_2)","decl":{"start":{"line":27,"column":4},"end":{"line":27,"column":5}},"loc":{"start":{"line":27,"column":27},"end":{"line":35,"column":5}},"line":27},"3":{"name":"(anonymous_3)","decl":{"start":{"line":37,"column":4},"end":{"line":37,"column":5}},"loc":{"start":{"line":37,"column":38},"end":{"line":107,"column":5}},"line":37},"4":{"name":"(anonymous_4)","decl":{"start":{"line":108,"column":4},"end":{"line":108,"column":5}},"loc":{"start":{"line":108,"column":36},"end":{"line":116,"column":5}},"line":108},"5":{"name":"(anonymous_5)","decl":{"start":{"line":119,"column":4},"end":{"line":119,"column":5}},"loc":{"start":{"line":119,"column":30},"end":{"line":132,"column":5}},"line":119}},"branchMap":{"0":{"loc":{"start":{"line":40,"column":8},"end":{"line":106,"column":9}},"type":"if","locations":[{"start":{"line":40,"column":8},"end":{"line":106,"column":9}},{"start":{"line":40,"column":8},"end":{"line":106,"column":9}}],"line":40},"1":{"loc":{"start":{"line":50,"column":13},"end":{"line":106,"column":9}},"type":"if","locations":[{"start":{"line":50,"column":13},"end":{"line":106,"column":9}},{"start":{"line":50,"column":13},"end":{"line":106,"column":9}}],"line":50},"2":{"loc":{"start":{"line":57,"column":12},"end":{"line":59,"column":13}},"type":"if","locations":[{"start":{"line":57,"column":12},"end":{"line":59,"column":13}},{"start":{"line":57,"column":12},"end":{"line":59,"column":13}}],"line":57},"3":{"loc":{"start":{"line":65,"column":13},"end":{"line":106,"column":9}},"type":"if","locations":[{"start":{"line":65,"column":13},"end":{"line":106,"column":9}},{"start":{"line":65,"column":13},"end":{"line":106,"column":9}}],"line":65},"4":{"loc":{"start":{"line":72,"column":12},"end":{"line":74,"column":13}},"type":"if","locations":[{"start":{"line":72,"column":12},"end":{"line":74,"column":13}},{"start":{"line":72,"column":12},"end":{"line":74,"column":13}}],"line":72},"5":{"loc":{"start":{"line":79,"column":13},"end":{"line":106,"column":9}},"type":"if","locations":[{"start":{"line":79,"column":13},"end":{"line":106,"column":9}},{"start":{"line":79,"column":13},"end":{"line":106,"column":9}}],"line":79},"6":{"loc":{"start":{"line":86,"column":12},"end":{"line":88,"column":13}},"type":"if","locations":[{"start":{"line":86,"column":12},"end":{"line":88,"column":13}},{"start":{"line":86,"column":12},"end":{"line":88,"column":13}}],"line":86},"7":{"loc":{"start":{"line":93,"column":13},"end":{"line":106,"column":9}},"type":"if","locations":[{"start":{"line":93,"column":13},"end":{"line":106,"column":9}},{"start":{"line":93,"column":13},"end":{"line":106,"column":9}}],"line":93},"8":{"loc":{"start":{"line":100,"column":12},"end":{"line":102,"column":13}},"type":"if","locations":[{"start":{"line":100,"column":12},"end":{"line":102,"column":13}},{"start":{"line":100,"column":12},"end":{"line":102,"column":13}}],"line":100},"9":{"loc":{"start":{"line":112,"column":8},"end":{"line":114,"column":9}},"type":"if","locations":[{"start":{"line":112,"column":8},"end":{"line":114,"column":9}},{"start":{"line":112,"column":8},"end":{"line":114,"column":9}}],"line":112},"10":{"loc":{"start":{"line":127,"column":8},"end":{"line":129,"column":9}},"type":"if","locations":[{"start":{"line":127,"column":8},"end":{"line":129,"column":9}},{"start":{"line":127,"column":8},"end":{"line":129,"column":9}}],"line":127}},"s":{"0":2,"1":2,"2":2,"3":19,"4":19,"5":1,"6":1,"7":2,"8":2,"9":4,"10":4,"11":4,"12":0,"13":0,"14":4,"15":1,"16":1,"17":0,"18":1,"19":3,"20":1,"21":1,"22":0,"23":1,"24":2,"25":1,"26":1,"27":0,"28":1,"29":1,"30":1,"31":1,"32":0,"33":1,"34":0,"35":0,"36":0,"37":0,"38":0,"39":0,"40":1,"41":1,"42":0,"43":2},"f":{"0":19,"1":1,"2":2,"3":4,"4":0,"5":1},"b":{"0":[0,4],"1":[1,3],"2":[0,1],"3":[1,2],"4":[0,1],"5":[1,1],"6":[0,1],"7":[1,0],"8":[0,1],"9":[0,0],"10":[0,1]},"_coverageSchema":"43e27e138ebf9cfc5966b082cf9a028302ed4184","hash":"3b7eda97f3933681810cb49b5dcea44dc093b432"}
,"/Users/maragreene/Desktop/bookExchange/models/users.js": {"path":"/Users/maragreene/Desktop/bookExchange/models/users.js","statementMap":{"0":{"start":{"line":1,"column":11},"end":{"line":1,"column":27}},"1":{"start":{"line":2,"column":21},"end":{"line":2,"column":55}},"2":{"start":{"line":3,"column":22},"end":{"line":3,"column":57}},"3":{"start":{"line":4,"column":15},"end":{"line":4,"column":32}},"4":{"start":{"line":5,"column":27},"end":{"line":5,"column":29}},"5":{"start":{"line":13,"column":23},"end":{"line":24,"column":9}},"6":{"start":{"line":26,"column":21},"end":{"line":26,"column":35}},"7":{"start":{"line":27,"column":8},"end":{"line":33,"column":9}},"8":{"start":{"line":29,"column":28},"end":{"line":29,"column":78}},"9":{"start":{"line":30,"column":12},"end":{"line":32,"column":13}},"10":{"start":{"line":31,"column":16},"end":{"line":31,"column":28}},"11":{"start":{"line":35,"column":8},"end":{"line":35,"column":56}},"12":{"start":{"line":38,"column":31},"end":{"line":43,"column":9}},"13":{"start":{"line":45,"column":8},"end":{"line":50,"column":9}},"14":{"start":{"line":46,"column":12},"end":{"line":49,"column":14}},"15":{"start":{"line":52,"column":31},"end":{"line":52,"column":83}},"16":{"start":{"line":54,"column":23},"end":{"line":67,"column":9}},"17":{"start":{"line":69,"column":8},"end":{"line":69,"column":30}},"18":{"start":{"line":74,"column":21},"end":{"line":75,"column":84}},"19":{"start":{"line":76,"column":8},"end":{"line":76,"column":27}},"20":{"start":{"line":80,"column":21},"end":{"line":85,"column":9}},"21":{"start":{"line":86,"column":8},"end":{"line":86,"column":30}},"22":{"start":{"line":90,"column":8},"end":{"line":92,"column":9}},"23":{"start":{"line":91,"column":12},"end":{"line":91,"column":81}},"24":{"start":{"line":93,"column":32},"end":{"line":93,"column":82}},"25":{"start":{"line":94,"column":23},"end":{"line":94,"column":52}},"26":{"start":{"line":95,"column":21},"end":{"line":95,"column":35}},"27":{"start":{"line":96,"column":8},"end":{"line":98,"column":9}},"28":{"start":{"line":97,"column":12},"end":{"line":97,"column":78}},"29":{"start":{"line":99,"column":8},"end":{"line":99,"column":29}},"30":{"start":{"line":100,"column":8},"end":{"line":100,"column":29}},"31":{"start":{"line":104,"column":8},"end":{"line":104,"column":30}},"32":{"start":{"line":110,"column":21},"end":{"line":115,"column":9}},"33":{"start":{"line":117,"column":8},"end":{"line":119,"column":9}},"34":{"start":{"line":118,"column":12},"end":{"line":118,"column":78}},"35":{"start":{"line":125,"column":0},"end":{"line":125,"column":22}}},"fnMap":{"0":{"name":"(anonymous_0)","decl":{"start":{"line":11,"column":4},"end":{"line":11,"column":5}},"loc":{"start":{"line":11,"column":36},"end":{"line":36,"column":5}},"line":11},"1":{"name":"(anonymous_1)","decl":{"start":{"line":37,"column":4},"end":{"line":37,"column":5}},"loc":{"start":{"line":37,"column":32},"end":{"line":70,"column":5}},"line":37},"2":{"name":"(anonymous_2)","decl":{"start":{"line":73,"column":4},"end":{"line":73,"column":5}},"loc":{"start":{"line":73,"column":26},"end":{"line":77,"column":5}},"line":73},"3":{"name":"(anonymous_3)","decl":{"start":{"line":79,"column":4},"end":{"line":79,"column":5}},"loc":{"start":{"line":79,"column":35},"end":{"line":87,"column":5}},"line":79},"4":{"name":"(anonymous_4)","decl":{"start":{"line":89,"column":4},"end":{"line":89,"column":5}},"loc":{"start":{"line":89,"column":40},"end":{"line":105,"column":5}},"line":89},"5":{"name":"(anonymous_5)","decl":{"start":{"line":109,"column":4},"end":{"line":109,"column":5}},"loc":{"start":{"line":109,"column":34},"end":{"line":122,"column":5}},"line":109}},"branchMap":{"0":{"loc":{"start":{"line":27,"column":8},"end":{"line":33,"column":9}},"type":"if","locations":[{"start":{"line":27,"column":8},"end":{"line":33,"column":9}},{"start":{"line":27,"column":8},"end":{"line":33,"column":9}}],"line":27},"1":{"loc":{"start":{"line":30,"column":12},"end":{"line":32,"column":13}},"type":"if","locations":[{"start":{"line":30,"column":12},"end":{"line":32,"column":13}},{"start":{"line":30,"column":12},"end":{"line":32,"column":13}}],"line":30},"2":{"loc":{"start":{"line":45,"column":8},"end":{"line":50,"column":9}},"type":"if","locations":[{"start":{"line":45,"column":8},"end":{"line":50,"column":9}},{"start":{"line":45,"column":8},"end":{"line":50,"column":9}}],"line":45},"3":{"loc":{"start":{"line":90,"column":8},"end":{"line":92,"column":9}},"type":"if","locations":[{"start":{"line":90,"column":8},"end":{"line":92,"column":9}},{"start":{"line":90,"column":8},"end":{"line":92,"column":9}}],"line":90},"4":{"loc":{"start":{"line":96,"column":8},"end":{"line":98,"column":9}},"type":"if","locations":[{"start":{"line":96,"column":8},"end":{"line":98,"column":9}},{"start":{"line":96,"column":8},"end":{"line":98,"column":9}}],"line":96},"5":{"loc":{"start":{"line":117,"column":8},"end":{"line":119,"column":9}},"type":"if","locations":[{"start":{"line":117,"column":8},"end":{"line":119,"column":9}},{"start":{"line":117,"column":8},"end":{"line":119,"column":9}}],"line":117}},"s":{"0":2,"1":2,"2":2,"3":2,"4":2,"5":16,"6":16,"7":16,"8":16,"9":16,"10":16,"11":0,"12":10,"13":10,"14":1,"15":9,"16":9,"17":9,"18":2,"19":2,"20":5,"21":5,"22":5,"23":2,"24":5,"25":5,"26":4,"27":4,"28":1,"29":3,"30":3,"31":3,"32":1,"33":1,"34":0,"35":2},"f":{"0":16,"1":10,"2":2,"3":5,"4":5,"5":1},"b":{"0":[16,0],"1":[16,0],"2":[1,9],"3":[2,3],"4":[1,3],"5":[0,1]},"_coverageSchema":"43e27e138ebf9cfc5966b082cf9a028302ed4184","hash":"086e5e3074a186d5ec8a3905cdbda22a9ad73f3d"}
,"/Users/maragreene/Desktop/bookExchange/routes/auth.js": {"path":"/Users/maragreene/Desktop/bookExchange/routes/auth.js","statementMap":{"0":{"start":{"line":3,"column":13},"end":{"line":3,"column":39}},"1":{"start":{"line":4,"column":16},"end":{"line":4,"column":34}},"2":{"start":{"line":5,"column":15},"end":{"line":5,"column":35}},"3":{"start":{"line":6,"column":20},"end":{"line":6,"column":53}},"4":{"start":{"line":8,"column":0},"end":{"line":16,"column":3}},"5":{"start":{"line":9,"column":4},"end":{"line":15,"column":5}},"6":{"start":{"line":10,"column":21},"end":{"line":10,"column":54}},"7":{"start":{"line":11,"column":22},"end":{"line":11,"column":39}},"8":{"start":{"line":12,"column":8},"end":{"line":12,"column":35}},"9":{"start":{"line":14,"column":8},"end":{"line":14,"column":25}},"10":{"start":{"line":18,"column":0},"end":{"line":18,"column":24}}},"fnMap":{"0":{"name":"(anonymous_0)","decl":{"start":{"line":8,"column":22},"end":{"line":8,"column":23}},"loc":{"start":{"line":8,"column":54},"end":{"line":16,"column":1}},"line":8}},"branchMap":{},"s":{"0":1,"1":1,"2":1,"3":1,"4":1,"5":15,"6":15,"7":15,"8":15,"9":0,"10":1},"f":{"0":15},"b":{},"_coverageSchema":"43e27e138ebf9cfc5966b082cf9a028302ed4184","hash":"76a4e30bc26f631ff8f0df7f41f76667ecffb158"}
,"/Users/maragreene/Desktop/bookExchange/routes/books.js": {"path":"/Users/maragreene/Desktop/bookExchange/routes/books.js","statementMap":{"0":{"start":{"line":1,"column":16},"end":{"line":1,"column":34}},"1":{"start":{"line":2,"column":15},"end":{"line":2,"column":35}},"2":{"start":{"line":3,"column":13},"end":{"line":3,"column":39}},"3":{"start":{"line":4,"column":21},"end":{"line":4,"column":55}},"4":{"start":{"line":5,"column":11},"end":{"line":5,"column":27}},"5":{"start":{"line":6,"column":19},"end":{"line":6,"column":40}},"6":{"start":{"line":7,"column":23},"end":{"line":7,"column":59}},"7":{"start":{"line":8,"column":26},"end":{"line":8,"column":55}},"8":{"start":{"line":11,"column":0},"end":{"line":26,"column":2}},"9":{"start":{"line":12,"column":4},"end":{"line":25,"column":5}},"10":{"start":{"line":13,"column":23},"end":{"line":13,"column":68}},"11":{"start":{"line":15,"column":8},"end":{"line":20,"column":9}},"12":{"start":{"line":16,"column":31},"end":{"line":16,"column":70}},"13":{"start":{"line":16,"column":58},"end":{"line":16,"column":69}},"14":{"start":{"line":17,"column":12},"end":{"line":17,"column":53}},"15":{"start":{"line":19,"column":12},"end":{"line":19,"column":28}},"16":{"start":{"line":21,"column":20},"end":{"line":21,"column":47}},"17":{"start":{"line":22,"column":8},"end":{"line":22,"column":34}},"18":{"start":{"line":24,"column":8},"end":{"line":24,"column":24}},"19":{"start":{"line":30,"column":0},"end":{"line":60,"column":2}},"20":{"start":{"line":31,"column":23},"end":{"line":31,"column":32}},"21":{"start":{"line":33,"column":4},"end":{"line":57,"column":5}},"22":{"start":{"line":34,"column":8},"end":{"line":41,"column":9}},"23":{"start":{"line":36,"column":24},"end":{"line":36,"column":43}},"24":{"start":{"line":37,"column":12},"end":{"line":37,"column":38}},"25":{"start":{"line":40,"column":12},"end":{"line":40,"column":28}},"26":{"start":{"line":46,"column":8},"end":{"line":56,"column":9}},"27":{"start":{"line":48,"column":24},"end":{"line":48,"column":55}},"28":{"start":{"line":49,"column":12},"end":{"line":51,"column":13}},"29":{"start":{"line":50,"column":16},"end":{"line":50,"column":42}},"30":{"start":{"line":52,"column":12},"end":{"line":52,"column":79}},"31":{"start":{"line":55,"column":12},"end":{"line":55,"column":28}},"32":{"start":{"line":63,"column":0},"end":{"line":78,"column":2}},"33":{"start":{"line":64,"column":15},"end":{"line":64,"column":30}},"34":{"start":{"line":65,"column":4},"end":{"line":77,"column":5}},"35":{"start":{"line":66,"column":19},"end":{"line":66,"column":39}},"36":{"start":{"line":68,"column":8},"end":{"line":70,"column":9}},"37":{"start":{"line":69,"column":12},"end":{"line":69,"column":37}},"38":{"start":{"line":72,"column":8},"end":{"line":72,"column":54}},"39":{"start":{"line":76,"column":8},"end":{"line":76,"column":24}},"40":{"start":{"line":82,"column":0},"end":{"line":94,"column":3}},"41":{"start":{"line":83,"column":4},"end":{"line":93,"column":5}},"42":{"start":{"line":84,"column":8},"end":{"line":88,"column":9}},"43":{"start":{"line":85,"column":12},"end":{"line":87,"column":21}},"44":{"start":{"line":89,"column":21},"end":{"line":89,"column":65}},"45":{"start":{"line":90,"column":8},"end":{"line":90,"column":34}},"46":{"start":{"line":92,"column":8},"end":{"line":92,"column":25}},"47":{"start":{"line":98,"column":0},"end":{"line":110,"column":2}},"48":{"start":{"line":99,"column":15},"end":{"line":99,"column":30}},"49":{"start":{"line":100,"column":4},"end":{"line":109,"column":5}},"50":{"start":{"line":101,"column":23},"end":{"line":101,"column":80}},"51":{"start":{"line":102,"column":8},"end":{"line":104,"column":9}},"52":{"start":{"line":103,"column":12},"end":{"line":103,"column":56}},"53":{"start":{"line":106,"column":8},"end":{"line":106,"column":54}},"54":{"start":{"line":108,"column":8},"end":{"line":108,"column":24}},"55":{"start":{"line":114,"column":0},"end":{"line":114,"column":24}}},"fnMap":{"0":{"name":"(anonymous_0)","decl":{"start":{"line":11,"column":32},"end":{"line":11,"column":33}},"loc":{"start":{"line":11,"column":64},"end":{"line":26,"column":1}},"line":11},"1":{"name":"(anonymous_1)","decl":{"start":{"line":16,"column":49},"end":{"line":16,"column":50}},"loc":{"start":{"line":16,"column":58},"end":{"line":16,"column":69}},"line":16},"2":{"name":"(anonymous_2)","decl":{"start":{"line":30,"column":16},"end":{"line":30,"column":17}},"loc":{"start":{"line":30,"column":48},"end":{"line":60,"column":1}},"line":30},"3":{"name":"(anonymous_3)","decl":{"start":{"line":63,"column":21},"end":{"line":63,"column":22}},"loc":{"start":{"line":63,"column":53},"end":{"line":78,"column":1}},"line":63},"4":{"name":"(anonymous_4)","decl":{"start":{"line":82,"column":23},"end":{"line":82,"column":24}},"loc":{"start":{"line":82,"column":55},"end":{"line":94,"column":1}},"line":82},"5":{"name":"(anonymous_5)","decl":{"start":{"line":98,"column":39},"end":{"line":98,"column":40}},"loc":{"start":{"line":98,"column":71},"end":{"line":110,"column":1}},"line":98}},"branchMap":{"0":{"loc":{"start":{"line":15,"column":8},"end":{"line":20,"column":9}},"type":"if","locations":[{"start":{"line":15,"column":8},"end":{"line":20,"column":9}},{"start":{"line":15,"column":8},"end":{"line":20,"column":9}}],"line":15},"1":{"loc":{"start":{"line":33,"column":4},"end":{"line":57,"column":5}},"type":"if","locations":[{"start":{"line":33,"column":4},"end":{"line":57,"column":5}},{"start":{"line":33,"column":4},"end":{"line":57,"column":5}}],"line":33},"2":{"loc":{"start":{"line":49,"column":12},"end":{"line":51,"column":13}},"type":"if","locations":[{"start":{"line":49,"column":12},"end":{"line":51,"column":13}},{"start":{"line":49,"column":12},"end":{"line":51,"column":13}}],"line":49},"3":{"loc":{"start":{"line":68,"column":8},"end":{"line":70,"column":9}},"type":"if","locations":[{"start":{"line":68,"column":8},"end":{"line":70,"column":9}},{"start":{"line":68,"column":8},"end":{"line":70,"column":9}}],"line":68},"4":{"loc":{"start":{"line":84,"column":8},"end":{"line":88,"column":9}},"type":"if","locations":[{"start":{"line":84,"column":8},"end":{"line":88,"column":9}},{"start":{"line":84,"column":8},"end":{"line":88,"column":9}}],"line":84},"5":{"loc":{"start":{"line":102,"column":8},"end":{"line":104,"column":9}},"type":"if","locations":[{"start":{"line":102,"column":8},"end":{"line":104,"column":9}},{"start":{"line":102,"column":8},"end":{"line":104,"column":9}}],"line":102}},"s":{"0":1,"1":1,"2":1,"3":1,"4":1,"5":1,"6":1,"7":1,"8":1,"9":0,"10":0,"11":0,"12":0,"13":0,"14":0,"15":0,"16":0,"17":0,"18":0,"19":1,"20":0,"21":0,"22":0,"23":0,"24":0,"25":0,"26":0,"27":0,"28":0,"29":0,"30":0,"31":0,"32":1,"33":0,"34":0,"35":0,"36":0,"37":0,"38":0,"39":0,"40":1,"41":0,"42":0,"43":0,"44":0,"45":0,"46":0,"47":1,"48":0,"49":0,"50":0,"51":0,"52":0,"53":0,"54":0,"55":1},"f":{"0":0,"1":0,"2":0,"3":0,"4":0,"5":0},"b":{"0":[0,0],"1":[0,0],"2":[0,0],"3":[0,0],"4":[0,0],"5":[0,0]},"_coverageSchema":"43e27e138ebf9cfc5966b082cf9a028302ed4184","hash":"638d45b3fd9ba47c163beecf2c360c2cb8867318"}
,"/Users/maragreene/Desktop/bookExchange/routes/users.js": {"path":"/Users/maragreene/Desktop/bookExchange/routes/users.js","statementMap":{"0":{"start":{"line":1,"column":16},"end":{"line":1,"column":34}},"1":{"start":{"line":2,"column":15},"end":{"line":2,"column":35}},"2":{"start":{"line":3,"column":13},"end":{"line":3,"column":39}},"3":{"start":{"line":4,"column":21},"end":{"line":4,"column":55}},"4":{"start":{"line":5,"column":11},"end":{"line":5,"column":27}},"5":{"start":{"line":6,"column":19},"end":{"line":6,"column":40}},"6":{"start":{"line":7,"column":23},"end":{"line":7,"column":59}},"7":{"start":{"line":8,"column":59},"end":{"line":8,"column":88}},"8":{"start":{"line":11,"column":0},"end":{"line":27,"column":2}},"9":{"start":{"line":13,"column":4},"end":{"line":26,"column":5}},"10":{"start":{"line":14,"column":23},"end":{"line":14,"column":68}},"11":{"start":{"line":16,"column":8},"end":{"line":21,"column":9}},"12":{"start":{"line":17,"column":31},"end":{"line":17,"column":70}},"13":{"start":{"line":17,"column":58},"end":{"line":17,"column":69}},"14":{"start":{"line":18,"column":12},"end":{"line":18,"column":53}},"15":{"start":{"line":22,"column":20},"end":{"line":22,"column":49}},"16":{"start":{"line":23,"column":8},"end":{"line":23,"column":34}},"17":{"start":{"line":25,"column":8},"end":{"line":25,"column":24}},"18":{"start":{"line":29,"column":0},"end":{"line":38,"column":2}},"19":{"start":{"line":30,"column":4},"end":{"line":36,"column":5}},"20":{"start":{"line":31,"column":20},"end":{"line":31,"column":39}},"21":{"start":{"line":32,"column":8},"end":{"line":32,"column":34}},"22":{"start":{"line":35,"column":8},"end":{"line":35,"column":24}},"23":{"start":{"line":40,"column":0},"end":{"line":55,"column":2}},"24":{"start":{"line":41,"column":19},"end":{"line":41,"column":38}},"25":{"start":{"line":42,"column":4},"end":{"line":54,"column":5}},"26":{"start":{"line":43,"column":19},"end":{"line":43,"column":47}},"27":{"start":{"line":45,"column":8},"end":{"line":47,"column":9}},"28":{"start":{"line":46,"column":12},"end":{"line":46,"column":37}},"29":{"start":{"line":49,"column":8},"end":{"line":49,"column":54}},"30":{"start":{"line":53,"column":8},"end":{"line":53,"column":24}},"31":{"start":{"line":58,"column":0},"end":{"line":71,"column":3}},"32":{"start":{"line":59,"column":4},"end":{"line":70,"column":5}},"33":{"start":{"line":60,"column":8},"end":{"line":64,"column":9}},"34":{"start":{"line":61,"column":12},"end":{"line":63,"column":21}},"35":{"start":{"line":65,"column":21},"end":{"line":65,"column":69}},"36":{"start":{"line":67,"column":8},"end":{"line":67,"column":34}},"37":{"start":{"line":69,"column":8},"end":{"line":69,"column":25}},"38":{"start":{"line":75,"column":0},"end":{"line":87,"column":2}},"39":{"start":{"line":76,"column":19},"end":{"line":76,"column":38}},"40":{"start":{"line":77,"column":4},"end":{"line":86,"column":5}},"41":{"start":{"line":78,"column":23},"end":{"line":78,"column":88}},"42":{"start":{"line":79,"column":8},"end":{"line":81,"column":9}},"43":{"start":{"line":80,"column":12},"end":{"line":80,"column":56}},"44":{"start":{"line":83,"column":8},"end":{"line":83,"column":54}},"45":{"start":{"line":85,"column":8},"end":{"line":85,"column":24}},"46":{"start":{"line":91,"column":0},"end":{"line":91,"column":24}}},"fnMap":{"0":{"name":"(anonymous_0)","decl":{"start":{"line":11,"column":17},"end":{"line":11,"column":18}},"loc":{"start":{"line":11,"column":49},"end":{"line":27,"column":1}},"line":11},"1":{"name":"(anonymous_1)","decl":{"start":{"line":17,"column":49},"end":{"line":17,"column":50}},"loc":{"start":{"line":17,"column":58},"end":{"line":17,"column":69}},"line":17},"2":{"name":"(anonymous_2)","decl":{"start":{"line":29,"column":31},"end":{"line":29,"column":32}},"loc":{"start":{"line":29,"column":63},"end":{"line":38,"column":1}},"line":29},"3":{"name":"(anonymous_3)","decl":{"start":{"line":40,"column":39},"end":{"line":40,"column":40}},"loc":{"start":{"line":40,"column":71},"end":{"line":55,"column":1}},"line":40},"4":{"name":"(anonymous_4)","decl":{"start":{"line":58,"column":46},"end":{"line":58,"column":47}},"loc":{"start":{"line":58,"column":78},"end":{"line":71,"column":1}},"line":58},"5":{"name":"(anonymous_5)","decl":{"start":{"line":75,"column":47},"end":{"line":75,"column":48}},"loc":{"start":{"line":75,"column":79},"end":{"line":87,"column":1}},"line":75}},"branchMap":{"0":{"loc":{"start":{"line":16,"column":8},"end":{"line":21,"column":9}},"type":"if","locations":[{"start":{"line":16,"column":8},"end":{"line":21,"column":9}},{"start":{"line":16,"column":8},"end":{"line":21,"column":9}}],"line":16},"1":{"loc":{"start":{"line":45,"column":8},"end":{"line":47,"column":9}},"type":"if","locations":[{"start":{"line":45,"column":8},"end":{"line":47,"column":9}},{"start":{"line":45,"column":8},"end":{"line":47,"column":9}}],"line":45},"2":{"loc":{"start":{"line":60,"column":8},"end":{"line":64,"column":9}},"type":"if","locations":[{"start":{"line":60,"column":8},"end":{"line":64,"column":9}},{"start":{"line":60,"column":8},"end":{"line":64,"column":9}}],"line":60},"3":{"loc":{"start":{"line":79,"column":8},"end":{"line":81,"column":9}},"type":"if","locations":[{"start":{"line":79,"column":8},"end":{"line":81,"column":9}},{"start":{"line":79,"column":8},"end":{"line":81,"column":9}}],"line":79}},"s":{"0":1,"1":1,"2":1,"3":1,"4":1,"5":1,"6":1,"7":1,"8":1,"9":3,"10":3,"11":3,"12":1,"13":2,"14":1,"15":2,"16":1,"17":2,"18":1,"19":1,"20":1,"21":1,"22":0,"23":1,"24":2,"25":2,"26":2,"27":2,"28":1,"29":1,"30":1,"31":1,"32":5,"33":5,"34":1,"35":4,"36":2,"37":3,"38":1,"39":4,"40":4,"41":4,"42":4,"43":3,"44":1,"45":1,"46":1},"f":{"0":3,"1":2,"2":1,"3":2,"4":5,"5":4},"b":{"0":[1,2],"1":[1,1],"2":[1,4],"3":[3,1]},"_coverageSchema":"43e27e138ebf9cfc5966b082cf9a028302ed4184","hash":"8c7151f3195f71f9a3f9e04f4a14188b5d1d52ea"}
}
