{"/Users/maragreene/Desktop/bookExchange/config.js": {"path":"/Users/maragreene/Desktop/bookExchange/config.js","statementMap":{"0":{"start":{"line":3,"column":0},"end":{"line":3,"column":27}},"1":{"start":{"line":5,"column":19},"end":{"line":5,"column":51}},"2":{"start":{"line":7,"column":13},"end":{"line":7,"column":38}},"3":{"start":{"line":12,"column":0},"end":{"line":16,"column":1}},"4":{"start":{"line":13,"column":4},"end":{"line":13,"column":26}},"5":{"start":{"line":15,"column":4},"end":{"line":15,"column":50}},"6":{"start":{"line":18,"column":0},"end":{"line":22,"column":2}}},"fnMap":{},"branchMap":{"0":{"loc":{"start":{"line":5,"column":19},"end":{"line":5,"column":51}},"type":"binary-expr","locations":[{"start":{"line":5,"column":19},"end":{"line":5,"column":41}},{"start":{"line":5,"column":45},"end":{"line":5,"column":51}}],"line":5},"1":{"loc":{"start":{"line":7,"column":13},"end":{"line":7,"column":38}},"type":"binary-expr","locations":[{"start":{"line":7,"column":13},"end":{"line":7,"column":30}},{"start":{"line":7,"column":34},"end":{"line":7,"column":38}}],"line":7},"2":{"loc":{"start":{"line":12,"column":0},"end":{"line":16,"column":1}},"type":"if","locations":[{"start":{"line":12,"column":0},"end":{"line":16,"column":1}},{"start":{"line":12,"column":0},"end":{"line":16,"column":1}}],"line":12},"3":{"loc":{"start":{"line":15,"column":13},"end":{"line":15,"column":49}},"type":"binary-expr","locations":[{"start":{"line":15,"column":13},"end":{"line":15,"column":37}},{"start":{"line":15,"column":41},"end":{"line":15,"column":49}}],"line":15}},"s":{"0":2,"1":2,"2":2,"3":2,"4":2,"5":0,"6":2},"f":{},"b":{"0":[2,2],"1":[2,2],"2":[2,0],"3":[0,0]},"_coverageSchema":"43e27e138ebf9cfc5966b082cf9a028302ed4184","hash":"48d3f229d00e25109a3c1dbcc4062a999ce18f17"}
,"/Users/maragreene/Desktop/bookExchange/db.js": {"path":"/Users/maragreene/Desktop/bookExchange/db.js","statementMap":{"0":{"start":{"line":3,"column":19},"end":{"line":3,"column":32}},"1":{"start":{"line":4,"column":19},"end":{"line":4,"column":38}},"2":{"start":{"line":6,"column":11},"end":{"line":8,"column":2}},"3":{"start":{"line":10,"column":0},"end":{"line":10,"column":13}},"4":{"start":{"line":12,"column":0},"end":{"line":12,"column":20}}},"fnMap":{},"branchMap":{},"s":{"0":2,"1":2,"2":2,"3":2,"4":2},"f":{},"b":{},"_coverageSchema":"43e27e138ebf9cfc5966b082cf9a028302ed4184","hash":"efc156b2548bca894ba89e7c7d9be7b9434d908c"}
,"/Users/maragreene/Desktop/bookExchange/helpers/expressError.js": {"path":"/Users/maragreene/Desktop/bookExchange/helpers/expressError.js","statementMap":{"0":{"start":{"line":11,"column":8},"end":{"line":11,"column":16}},"1":{"start":{"line":12,"column":8},"end":{"line":12,"column":31}},"2":{"start":{"line":13,"column":8},"end":{"line":13,"column":29}},"3":{"start":{"line":14,"column":8},"end":{"line":14,"column":34}},"4":{"start":{"line":18,"column":0},"end":{"line":18,"column":30}}},"fnMap":{"0":{"name":"(anonymous_0)","decl":{"start":{"line":10,"column":4},"end":{"line":10,"column":5}},"loc":{"start":{"line":10,"column":33},"end":{"line":15,"column":5}},"line":10}},"branchMap":{},"s":{"0":0,"1":0,"2":0,"3":0,"4":2},"f":{"0":0},"b":{},"_coverageSchema":"43e27e138ebf9cfc5966b082cf9a028302ed4184","hash":"0182f66076ffd3d7c81471f4cfc5324f2e99b449"}
,"/Users/maragreene/Desktop/bookExchange/helpers/partialUpdate.js": {"path":"/Users/maragreene/Desktop/bookExchange/helpers/partialUpdate.js","statementMap":{"0":{"start":{"line":20,"column":14},"end":{"line":20,"column":15}},"1":{"start":{"line":21,"column":18},"end":{"line":21,"column":20}},"2":{"start":{"line":25,"column":4},"end":{"line":30,"column":5}},"3":{"start":{"line":26,"column":8},"end":{"line":26,"column":25}},"4":{"start":{"line":27,"column":8},"end":{"line":29,"column":9}},"5":{"start":{"line":28,"column":12},"end":{"line":28,"column":30}},"6":{"start":{"line":29,"column":10},"end":{"line":29,"column":12}},"7":{"start":{"line":32,"column":4},"end":{"line":35,"column":5}},"8":{"start":{"line":33,"column":8},"end":{"line":33,"column":42}},"9":{"start":{"line":34,"column":8},"end":{"line":34,"column":17}},"10":{"start":{"line":38,"column":15},"end":{"line":38,"column":33}},"11":{"start":{"line":39,"column":16},"end":{"line":39,"column":78}},"12":{"start":{"line":40,"column":17},"end":{"line":40,"column":37}},"13":{"start":{"line":41,"column":4},"end":{"line":41,"column":20}},"14":{"start":{"line":42,"column":4},"end":{"line":42,"column":29}},"15":{"start":{"line":45,"column":0},"end":{"line":45,"column":37}}},"fnMap":{"0":{"name":"sqlForPartialUpdate","decl":{"start":{"line":17,"column":9},"end":{"line":17,"column":28}},"loc":{"start":{"line":17,"column":52},"end":{"line":43,"column":1}},"line":17}},"branchMap":{"0":{"loc":{"start":{"line":27,"column":8},"end":{"line":29,"column":9}},"type":"if","locations":[{"start":{"line":27,"column":8},"end":{"line":29,"column":9}},{"start":{"line":27,"column":8},"end":{"line":29,"column":9}}],"line":27}},"s":{"0":3,"1":3,"2":3,"3":3,"4":3,"5":1,"6":3,"7":3,"8":2,"9":2,"10":3,"11":3,"12":3,"13":3,"14":3,"15":3},"f":{"0":3},"b":{"0":[1,2]},"_coverageSchema":"43e27e138ebf9cfc5966b082cf9a028302ed4184","hash":"64dcd0a66af88fbbf1204b5714fba1b912f9522a"}
,"/Users/maragreene/Desktop/bookExchange/models/books.js": {"path":"/Users/maragreene/Desktop/bookExchange/models/books.js","statementMap":{"0":{"start":{"line":1,"column":11},"end":{"line":1,"column":27}},"1":{"start":{"line":2,"column":21},"end":{"line":2,"column":55}},"2":{"start":{"line":3,"column":22},"end":{"line":3,"column":57}},"3":{"start":{"line":9,"column":23},"end":{"line":14,"column":9}},"4":{"start":{"line":15,"column":8},"end":{"line":15,"column":29}},"5":{"start":{"line":21,"column":21},"end":{"line":23,"column":24}},"6":{"start":{"line":24,"column":8},"end":{"line":24,"column":27}},"7":{"start":{"line":28,"column":21},"end":{"line":33,"column":9}},"8":{"start":{"line":34,"column":8},"end":{"line":34,"column":30}},"9":{"start":{"line":38,"column":25},"end":{"line":38,"column":53}},"10":{"start":{"line":39,"column":25},"end":{"line":39,"column":49}},"11":{"start":{"line":40,"column":8},"end":{"line":107,"column":9}},"12":{"start":{"line":41,"column":25},"end":{"line":46,"column":13}},"13":{"start":{"line":48,"column":12},"end":{"line":48,"column":31}},"14":{"start":{"line":50,"column":13},"end":{"line":107,"column":9}},"15":{"start":{"line":51,"column":25},"end":{"line":56,"column":13}},"16":{"start":{"line":57,"column":12},"end":{"line":57,"column":36}},"17":{"start":{"line":58,"column":12},"end":{"line":60,"column":13}},"18":{"start":{"line":59,"column":16},"end":{"line":59,"column":84}},"19":{"start":{"line":63,"column":12},"end":{"line":63,"column":31}},"20":{"start":{"line":66,"column":13},"end":{"line":107,"column":9}},"21":{"start":{"line":67,"column":25},"end":{"line":72,"column":13}},"22":{"start":{"line":73,"column":12},"end":{"line":75,"column":13}},"23":{"start":{"line":74,"column":16},"end":{"line":74,"column":88}},"24":{"start":{"line":77,"column":12},"end":{"line":77,"column":31}},"25":{"start":{"line":80,"column":13},"end":{"line":107,"column":9}},"26":{"start":{"line":81,"column":25},"end":{"line":86,"column":13}},"27":{"start":{"line":87,"column":12},"end":{"line":89,"column":13}},"28":{"start":{"line":88,"column":16},"end":{"line":88,"column":88}},"29":{"start":{"line":91,"column":12},"end":{"line":91,"column":31}},"30":{"start":{"line":94,"column":13},"end":{"line":107,"column":9}},"31":{"start":{"line":95,"column":25},"end":{"line":100,"column":13}},"32":{"start":{"line":101,"column":12},"end":{"line":103,"column":13}},"33":{"start":{"line":102,"column":16},"end":{"line":102,"column":86}},"34":{"start":{"line":105,"column":12},"end":{"line":105,"column":31}},"35":{"start":{"line":110,"column":32},"end":{"line":110,"column":74}},"36":{"start":{"line":111,"column":23},"end":{"line":111,"column":52}},"37":{"start":{"line":112,"column":21},"end":{"line":112,"column":35}},"38":{"start":{"line":113,"column":8},"end":{"line":115,"column":9}},"39":{"start":{"line":114,"column":12},"end":{"line":114,"column":74}},"40":{"start":{"line":116,"column":8},"end":{"line":116,"column":27}},"41":{"start":{"line":121,"column":21},"end":{"line":126,"column":9}},"42":{"start":{"line":128,"column":8},"end":{"line":130,"column":9}},"43":{"start":{"line":129,"column":12},"end":{"line":129,"column":74}},"44":{"start":{"line":138,"column":0},"end":{"line":138,"column":22}}},"fnMap":{"0":{"name":"(anonymous_0)","decl":{"start":{"line":8,"column":4},"end":{"line":8,"column":5}},"loc":{"start":{"line":8,"column":102},"end":{"line":16,"column":5}},"line":8},"1":{"name":"(anonymous_1)","decl":{"start":{"line":20,"column":4},"end":{"line":20,"column":5}},"loc":{"start":{"line":20,"column":26},"end":{"line":25,"column":5}},"line":20},"2":{"name":"(anonymous_2)","decl":{"start":{"line":27,"column":4},"end":{"line":27,"column":5}},"loc":{"start":{"line":27,"column":27},"end":{"line":35,"column":5}},"line":27},"3":{"name":"(anonymous_3)","decl":{"start":{"line":37,"column":4},"end":{"line":37,"column":5}},"loc":{"start":{"line":37,"column":38},"end":{"line":108,"column":5}},"line":37},"4":{"name":"(anonymous_4)","decl":{"start":{"line":109,"column":4},"end":{"line":109,"column":5}},"loc":{"start":{"line":109,"column":36},"end":{"line":117,"column":5}},"line":109},"5":{"name":"(anonymous_5)","decl":{"start":{"line":120,"column":4},"end":{"line":120,"column":5}},"loc":{"start":{"line":120,"column":30},"end":{"line":133,"column":5}},"line":120}},"branchMap":{"0":{"loc":{"start":{"line":40,"column":8},"end":{"line":107,"column":9}},"type":"if","locations":[{"start":{"line":40,"column":8},"end":{"line":107,"column":9}},{"start":{"line":40,"column":8},"end":{"line":107,"column":9}}],"line":40},"1":{"loc":{"start":{"line":50,"column":13},"end":{"line":107,"column":9}},"type":"if","locations":[{"start":{"line":50,"column":13},"end":{"line":107,"column":9}},{"start":{"line":50,"column":13},"end":{"line":107,"column":9}}],"line":50},"2":{"loc":{"start":{"line":58,"column":12},"end":{"line":60,"column":13}},"type":"if","locations":[{"start":{"line":58,"column":12},"end":{"line":60,"column":13}},{"start":{"line":58,"column":12},"end":{"line":60,"column":13}}],"line":58},"3":{"loc":{"start":{"line":66,"column":13},"end":{"line":107,"column":9}},"type":"if","locations":[{"start":{"line":66,"column":13},"end":{"line":107,"column":9}},{"start":{"line":66,"column":13},"end":{"line":107,"column":9}}],"line":66},"4":{"loc":{"start":{"line":73,"column":12},"end":{"line":75,"column":13}},"type":"if","locations":[{"start":{"line":73,"column":12},"end":{"line":75,"column":13}},{"start":{"line":73,"column":12},"end":{"line":75,"column":13}}],"line":73},"5":{"loc":{"start":{"line":80,"column":13},"end":{"line":107,"column":9}},"type":"if","locations":[{"start":{"line":80,"column":13},"end":{"line":107,"column":9}},{"start":{"line":80,"column":13},"end":{"line":107,"column":9}}],"line":80},"6":{"loc":{"start":{"line":87,"column":12},"end":{"line":89,"column":13}},"type":"if","locations":[{"start":{"line":87,"column":12},"end":{"line":89,"column":13}},{"start":{"line":87,"column":12},"end":{"line":89,"column":13}}],"line":87},"7":{"loc":{"start":{"line":94,"column":13},"end":{"line":107,"column":9}},"type":"if","locations":[{"start":{"line":94,"column":13},"end":{"line":107,"column":9}},{"start":{"line":94,"column":13},"end":{"line":107,"column":9}}],"line":94},"8":{"loc":{"start":{"line":101,"column":12},"end":{"line":103,"column":13}},"type":"if","locations":[{"start":{"line":101,"column":12},"end":{"line":103,"column":13}},{"start":{"line":101,"column":12},"end":{"line":103,"column":13}}],"line":101},"9":{"loc":{"start":{"line":113,"column":8},"end":{"line":115,"column":9}},"type":"if","locations":[{"start":{"line":113,"column":8},"end":{"line":115,"column":9}},{"start":{"line":113,"column":8},"end":{"line":115,"column":9}}],"line":113},"10":{"loc":{"start":{"line":128,"column":8},"end":{"line":130,"column":9}},"type":"if","locations":[{"start":{"line":128,"column":8},"end":{"line":130,"column":9}},{"start":{"line":128,"column":8},"end":{"line":130,"column":9}}],"line":128}},"s":{"0":1,"1":1,"2":1,"3":19,"4":19,"5":1,"6":1,"7":2,"8":2,"9":4,"10":4,"11":4,"12":0,"13":0,"14":4,"15":1,"16":1,"17":1,"18":0,"19":1,"20":3,"21":1,"22":1,"23":0,"24":1,"25":2,"26":1,"27":1,"28":0,"29":1,"30":1,"31":1,"32":1,"33":0,"34":1,"35":0,"36":0,"37":0,"38":0,"39":0,"40":0,"41":1,"42":1,"43":0,"44":1},"f":{"0":19,"1":1,"2":2,"3":4,"4":0,"5":1},"b":{"0":[0,4],"1":[1,3],"2":[0,1],"3":[1,2],"4":[0,1],"5":[1,1],"6":[0,1],"7":[1,0],"8":[0,1],"9":[0,0],"10":[0,1]},"_coverageSchema":"43e27e138ebf9cfc5966b082cf9a028302ed4184","hash":"a2796b513ae69a19648733c7c0150022390529ea"}
,"/Users/maragreene/Desktop/bookExchange/models/users.js": {"path":"/Users/maragreene/Desktop/bookExchange/models/users.js","statementMap":{"0":{"start":{"line":1,"column":11},"end":{"line":1,"column":27}},"1":{"start":{"line":2,"column":21},"end":{"line":2,"column":55}},"2":{"start":{"line":3,"column":22},"end":{"line":3,"column":57}},"3":{"start":{"line":4,"column":15},"end":{"line":4,"column":32}},"4":{"start":{"line":5,"column":27},"end":{"line":5,"column":29}},"5":{"start":{"line":13,"column":23},"end":{"line":24,"column":9}},"6":{"start":{"line":26,"column":21},"end":{"line":26,"column":35}},"7":{"start":{"line":27,"column":8},"end":{"line":33,"column":9}},"8":{"start":{"line":29,"column":28},"end":{"line":29,"column":78}},"9":{"start":{"line":30,"column":12},"end":{"line":32,"column":13}},"10":{"start":{"line":31,"column":16},"end":{"line":31,"column":28}},"11":{"start":{"line":35,"column":8},"end":{"line":35,"column":56}},"12":{"start":{"line":38,"column":31},"end":{"line":43,"column":9}},"13":{"start":{"line":45,"column":8},"end":{"line":50,"column":9}},"14":{"start":{"line":46,"column":12},"end":{"line":49,"column":14}},"15":{"start":{"line":52,"column":31},"end":{"line":52,"column":83}},"16":{"start":{"line":54,"column":23},"end":{"line":67,"column":9}},"17":{"start":{"line":69,"column":8},"end":{"line":69,"column":30}},"18":{"start":{"line":74,"column":21},"end":{"line":75,"column":84}},"19":{"start":{"line":76,"column":8},"end":{"line":76,"column":27}},"20":{"start":{"line":80,"column":21},"end":{"line":85,"column":9}},"21":{"start":{"line":86,"column":8},"end":{"line":86,"column":30}},"22":{"start":{"line":93,"column":32},"end":{"line":93,"column":82}},"23":{"start":{"line":94,"column":23},"end":{"line":94,"column":52}},"24":{"start":{"line":95,"column":21},"end":{"line":95,"column":35}},"25":{"start":{"line":96,"column":8},"end":{"line":98,"column":9}},"26":{"start":{"line":97,"column":12},"end":{"line":97,"column":78}},"27":{"start":{"line":102,"column":8},"end":{"line":102,"column":30}},"28":{"start":{"line":108,"column":21},"end":{"line":113,"column":9}},"29":{"start":{"line":115,"column":8},"end":{"line":117,"column":9}},"30":{"start":{"line":116,"column":12},"end":{"line":116,"column":78}},"31":{"start":{"line":123,"column":0},"end":{"line":123,"column":22}}},"fnMap":{"0":{"name":"(anonymous_0)","decl":{"start":{"line":11,"column":4},"end":{"line":11,"column":5}},"loc":{"start":{"line":11,"column":36},"end":{"line":36,"column":5}},"line":11},"1":{"name":"(anonymous_1)","decl":{"start":{"line":37,"column":4},"end":{"line":37,"column":5}},"loc":{"start":{"line":37,"column":32},"end":{"line":70,"column":5}},"line":37},"2":{"name":"(anonymous_2)","decl":{"start":{"line":73,"column":4},"end":{"line":73,"column":5}},"loc":{"start":{"line":73,"column":26},"end":{"line":77,"column":5}},"line":73},"3":{"name":"(anonymous_3)","decl":{"start":{"line":79,"column":4},"end":{"line":79,"column":5}},"loc":{"start":{"line":79,"column":35},"end":{"line":87,"column":5}},"line":79},"4":{"name":"(anonymous_4)","decl":{"start":{"line":89,"column":4},"end":{"line":89,"column":5}},"loc":{"start":{"line":89,"column":40},"end":{"line":103,"column":5}},"line":89},"5":{"name":"(anonymous_5)","decl":{"start":{"line":107,"column":4},"end":{"line":107,"column":5}},"loc":{"start":{"line":107,"column":34},"end":{"line":120,"column":5}},"line":107}},"branchMap":{"0":{"loc":{"start":{"line":27,"column":8},"end":{"line":33,"column":9}},"type":"if","locations":[{"start":{"line":27,"column":8},"end":{"line":33,"column":9}},{"start":{"line":27,"column":8},"end":{"line":33,"column":9}}],"line":27},"1":{"loc":{"start":{"line":30,"column":12},"end":{"line":32,"column":13}},"type":"if","locations":[{"start":{"line":30,"column":12},"end":{"line":32,"column":13}},{"start":{"line":30,"column":12},"end":{"line":32,"column":13}}],"line":30},"2":{"loc":{"start":{"line":45,"column":8},"end":{"line":50,"column":9}},"type":"if","locations":[{"start":{"line":45,"column":8},"end":{"line":50,"column":9}},{"start":{"line":45,"column":8},"end":{"line":50,"column":9}}],"line":45},"3":{"loc":{"start":{"line":96,"column":8},"end":{"line":98,"column":9}},"type":"if","locations":[{"start":{"line":96,"column":8},"end":{"line":98,"column":9}},{"start":{"line":96,"column":8},"end":{"line":98,"column":9}}],"line":96},"4":{"loc":{"start":{"line":115,"column":8},"end":{"line":117,"column":9}},"type":"if","locations":[{"start":{"line":115,"column":8},"end":{"line":117,"column":9}},{"start":{"line":115,"column":8},"end":{"line":117,"column":9}}],"line":115}},"s":{"0":1,"1":1,"2":1,"3":1,"4":1,"5":1,"6":1,"7":1,"8":1,"9":1,"10":1,"11":0,"12":15,"13":15,"14":0,"15":15,"16":15,"17":15,"18":1,"19":1,"20":2,"21":2,"22":1,"23":1,"24":1,"25":1,"26":0,"27":1,"28":1,"29":1,"30":0,"31":1},"f":{"0":1,"1":15,"2":1,"3":2,"4":1,"5":1},"b":{"0":[1,0],"1":[1,0],"2":[0,15],"3":[0,1],"4":[0,1]},"_coverageSchema":"43e27e138ebf9cfc5966b082cf9a028302ed4184","hash":"626287ea009682e96313e9581720b852af888561"}
}
