TN:
SF:/Users/maragreene/Desktop/bookExchange/app.js
FN:33,(anonymous_0)
FN:43,(anonymous_1)
FNF:2
FNH:1
FNDA:0,(anonymous_0)
FNDA:9,(anonymous_1)
DA:3,1
DA:5,1
DA:7,1
DA:9,1
DA:14,1
DA:17,1
DA:21,1
DA:22,1
DA:23,1
DA:25,1
DA:26,1
DA:27,1
DA:33,1
DA:35,0
DA:38,0
DA:43,1
DA:44,9
DA:45,9
DA:47,9
DA:53,1
LF:20
LH:18
BRDA:44,0,0,9
BRDA:44,0,1,1
BRF:2
BRH:2
end_of_record
TN:
SF:/Users/maragreene/Desktop/bookExchange/config.js
FNF:0
FNH:0
DA:3,3
DA:5,3
DA:7,3
DA:12,3
DA:13,3
DA:15,0
DA:18,3
LF:7
LH:6
BRDA:5,0,0,3
BRDA:5,0,1,3
BRDA:7,1,0,3
BRDA:7,1,1,3
BRDA:12,2,0,3
BRDA:12,2,1,0
BRDA:15,3,0,0
BRDA:15,3,1,0
BRF:8
BRH:5
end_of_record
TN:
SF:/Users/maragreene/Desktop/bookExchange/db.js
FNF:0
FNH:0
DA:3,3
DA:4,3
DA:6,3
DA:10,3
DA:12,3
LF:5
LH:5
BRF:0
BRH:0
end_of_record
TN:
SF:/Users/maragreene/Desktop/bookExchange/helpers/createToken.js
FN:6,createToken
FNF:1
FNH:1
FNDA:15,createToken
DA:1,1
DA:2,1
DA:7,15
DA:12,15
DA:15,1
LF:5
LH:5
BRF:0
BRH:0
end_of_record
TN:
SF:/Users/maragreene/Desktop/bookExchange/helpers/expressError.js
FN:10,(anonymous_0)
FNF:1
FNH:1
FNDA:8,(anonymous_0)
DA:11,8
DA:12,8
DA:13,8
DA:14,8
DA:18,4
LF:5
LH:5
BRF:0
BRH:0
end_of_record
TN:
SF:/Users/maragreene/Desktop/bookExchange/helpers/partialUpdate.js
FN:17,sqlForPartialUpdate
FNF:1
FNH:1
FNDA:7,sqlForPartialUpdate
DA:20,7
DA:21,7
DA:25,7
DA:26,11
DA:27,5
DA:28,11
DA:31,7
DA:32,6
DA:33,6
DA:37,7
DA:38,7
DA:39,7
DA:40,7
DA:41,7
DA:44,4
LF:15
LH:15
BRDA:26,0,0,5
BRDA:26,0,1,6
BRF:2
BRH:2
end_of_record
TN:
SF:/Users/maragreene/Desktop/bookExchange/middleware/auth.js
FN:15,authRequired
FN:35,adminRequired
FN:62,ensureCorrectUser
FNF:3
FNH:3
FNDA:2,authRequired
FNDA:1,adminRequired
FNDA:11,ensureCorrectUser
DA:3,1
DA:4,1
DA:5,1
DA:16,2
DA:17,2
DA:19,2
DA:20,2
DA:21,2
DA:23,0
DA:36,1
DA:37,1
DA:39,1
DA:40,1
DA:42,1
DA:43,1
DA:47,0
DA:49,0
DA:63,11
DA:64,11
DA:66,11
DA:67,11
DA:69,11
DA:70,9
DA:74,2
DA:76,2
DA:80,1
LF:26
LH:23
BRDA:17,0,0,2
BRDA:17,0,1,0
BRDA:42,1,0,1
BRDA:42,1,1,0
BRDA:69,2,0,9
BRDA:69,2,1,2
BRF:6
BRH:4
end_of_record
TN:
SF:/Users/maragreene/Desktop/bookExchange/models/books.js
FN:8,(anonymous_0)
FN:20,(anonymous_1)
FN:27,(anonymous_2)
FN:37,(anonymous_3)
FN:108,(anonymous_4)
FN:119,(anonymous_5)
FNF:6
FNH:5
FNDA:19,(anonymous_0)
FNDA:1,(anonymous_1)
FNDA:2,(anonymous_2)
FNDA:4,(anonymous_3)
FNDA:0,(anonymous_4)
FNDA:1,(anonymous_5)
DA:1,2
DA:2,2
DA:3,2
DA:9,19
DA:15,19
DA:21,1
DA:24,1
DA:28,2
DA:34,2
DA:38,4
DA:39,4
DA:40,4
DA:41,0
DA:48,0
DA:50,4
DA:51,1
DA:57,1
DA:58,0
DA:62,1
DA:65,3
DA:66,1
DA:72,1
DA:73,0
DA:76,1
DA:79,2
DA:80,1
DA:86,1
DA:87,0
DA:90,1
DA:93,1
DA:94,1
DA:100,1
DA:101,0
DA:104,1
DA:109,0
DA:110,0
DA:111,0
DA:112,0
DA:113,0
DA:115,0
DA:120,1
DA:127,1
DA:128,0
DA:137,2
LF:44
LH:31
BRDA:40,0,0,0
BRDA:40,0,1,4
BRDA:50,1,0,1
BRDA:50,1,1,3
BRDA:57,2,0,0
BRDA:57,2,1,1
BRDA:65,3,0,1
BRDA:65,3,1,2
BRDA:72,4,0,0
BRDA:72,4,1,1
BRDA:79,5,0,1
BRDA:79,5,1,1
BRDA:86,6,0,0
BRDA:86,6,1,1
BRDA:93,7,0,1
BRDA:93,7,1,0
BRDA:100,8,0,0
BRDA:100,8,1,1
BRDA:112,9,0,0
BRDA:112,9,1,0
BRDA:127,10,0,0
BRDA:127,10,1,1
BRF:22
BRH:13
end_of_record
TN:
SF:/Users/maragreene/Desktop/bookExchange/models/users.js
FN:11,(anonymous_0)
FN:37,(anonymous_1)
FN:73,(anonymous_2)
FN:79,(anonymous_3)
FN:89,(anonymous_4)
FN:109,(anonymous_5)
FNF:6
FNH:6
FNDA:16,(anonymous_0)
FNDA:10,(anonymous_1)
FNDA:2,(anonymous_2)
FNDA:5,(anonymous_3)
FNDA:5,(anonymous_4)
FNDA:1,(anonymous_5)
DA:1,2
DA:2,2
DA:3,2
DA:4,2
DA:5,2
DA:13,16
DA:26,16
DA:27,16
DA:29,16
DA:30,16
DA:31,16
DA:35,0
DA:38,10
DA:45,10
DA:46,1
DA:52,9
DA:54,9
DA:69,9
DA:74,2
DA:76,2
DA:80,5
DA:86,5
DA:90,5
DA:91,2
DA:93,5
DA:94,5
DA:95,4
DA:96,4
DA:97,1
DA:99,3
DA:100,3
DA:104,3
DA:110,1
DA:117,1
DA:118,0
DA:125,2
LF:36
LH:34
BRDA:27,0,0,16
BRDA:27,0,1,0
BRDA:30,1,0,16
BRDA:30,1,1,0
BRDA:45,2,0,1
BRDA:45,2,1,9
BRDA:90,3,0,2
BRDA:90,3,1,3
BRDA:96,4,0,1
BRDA:96,4,1,3
BRDA:117,5,0,0
BRDA:117,5,1,1
BRF:12
BRH:9
end_of_record
TN:
SF:/Users/maragreene/Desktop/bookExchange/routes/auth.js
FN:8,(anonymous_0)
FNF:1
FNH:1
FNDA:15,(anonymous_0)
DA:3,1
DA:4,1
DA:5,1
DA:6,1
DA:8,1
DA:9,15
DA:10,15
DA:11,15
DA:12,15
DA:14,0
DA:18,1
LF:11
LH:10
BRF:0
BRH:0
end_of_record
TN:
SF:/Users/maragreene/Desktop/bookExchange/routes/books.js
FN:11,(anonymous_0)
FN:16,(anonymous_1)
FN:30,(anonymous_2)
FN:63,(anonymous_3)
FN:82,(anonymous_4)
FN:98,(anonymous_5)
FNF:6
FNH:0
FNDA:0,(anonymous_0)
FNDA:0,(anonymous_1)
FNDA:0,(anonymous_2)
FNDA:0,(anonymous_3)
FNDA:0,(anonymous_4)
FNDA:0,(anonymous_5)
DA:1,1
DA:2,1
DA:3,1
DA:4,1
DA:5,1
DA:6,1
DA:7,1
DA:8,1
DA:11,1
DA:12,0
DA:13,0
DA:15,0
DA:16,0
DA:17,0
DA:19,0
DA:21,0
DA:22,0
DA:24,0
DA:30,1
DA:31,0
DA:33,0
DA:34,0
DA:36,0
DA:37,0
DA:40,0
DA:46,0
DA:48,0
DA:49,0
DA:50,0
DA:52,0
DA:55,0
DA:63,1
DA:64,0
DA:65,0
DA:66,0
DA:68,0
DA:69,0
DA:72,0
DA:76,0
DA:82,1
DA:83,0
DA:84,0
DA:85,0
DA:89,0
DA:90,0
DA:92,0
DA:98,1
DA:99,0
DA:100,0
DA:101,0
DA:102,0
DA:103,0
DA:106,0
DA:108,0
DA:114,1
LF:55
LH:14
BRDA:15,0,0,0
BRDA:15,0,1,0
BRDA:33,1,0,0
BRDA:33,1,1,0
BRDA:49,2,0,0
BRDA:49,2,1,0
BRDA:68,3,0,0
BRDA:68,3,1,0
BRDA:84,4,0,0
BRDA:84,4,1,0
BRDA:102,5,0,0
BRDA:102,5,1,0
BRF:12
BRH:0
end_of_record
TN:
SF:/Users/maragreene/Desktop/bookExchange/routes/users.js
FN:11,(anonymous_0)
FN:17,(anonymous_1)
FN:29,(anonymous_2)
FN:40,(anonymous_3)
FN:58,(anonymous_4)
FN:75,(anonymous_5)
FNF:6
FNH:6
FNDA:3,(anonymous_0)
FNDA:2,(anonymous_1)
FNDA:1,(anonymous_2)
FNDA:2,(anonymous_3)
FNDA:5,(anonymous_4)
FNDA:4,(anonymous_5)
DA:1,1
DA:2,1
DA:3,1
DA:4,1
DA:5,1
DA:6,1
DA:7,1
DA:8,1
DA:11,1
DA:13,3
DA:14,3
DA:16,3
DA:17,2
DA:18,1
DA:22,2
DA:23,1
DA:25,2
DA:29,1
DA:30,1
DA:31,1
DA:32,1
DA:35,0
DA:40,1
DA:41,2
DA:42,2
DA:43,2
DA:45,2
DA:46,1
DA:49,1
DA:53,1
DA:58,1
DA:59,5
DA:60,5
DA:61,1
DA:65,4
DA:67,2
DA:69,3
DA:75,1
DA:76,4
DA:77,4
DA:78,4
DA:79,4
DA:80,3
DA:83,1
DA:85,1
DA:91,1
LF:46
LH:45
BRDA:16,0,0,1
BRDA:16,0,1,2
BRDA:45,1,0,1
BRDA:45,1,1,1
BRDA:60,2,0,1
BRDA:60,2,1,4
BRDA:79,3,0,3
BRDA:79,3,1,1
BRF:8
BRH:8
end_of_record
