TN:
SF:/Users/maragreene/Desktop/bookExchange/config.js
FNF:0
FNH:0
DA:3,2
DA:5,2
DA:7,2
DA:12,2
DA:13,2
DA:15,0
DA:18,2
LF:7
LH:6
BRDA:5,0,0,2
BRDA:5,0,1,2
BRDA:7,1,0,2
BRDA:7,1,1,2
BRDA:12,2,0,2
BRDA:12,2,1,0
BRDA:15,3,0,0
BRDA:15,3,1,0
BRF:8
BRH:5
end_of_record
TN:
SF:/Users/maragreene/Desktop/bookExchange/db.js
FNF:0
FNH:0
DA:3,2
DA:4,2
DA:6,2
DA:10,2
DA:12,2
LF:5
LH:5
BRF:0
BRH:0
end_of_record
TN:
SF:/Users/maragreene/Desktop/bookExchange/helpers/expressError.js
FN:10,(anonymous_0)
FNF:1
FNH:0
FNDA:0,(anonymous_0)
DA:11,0
DA:12,0
DA:13,0
DA:14,0
DA:18,2
LF:5
LH:1
BRF:0
BRH:0
end_of_record
TN:
SF:/Users/maragreene/Desktop/bookExchange/helpers/partialUpdate.js
FN:17,sqlForPartialUpdate
FNF:1
FNH:1
FNDA:3,sqlForPartialUpdate
DA:20,3
DA:21,3
DA:25,3
DA:26,3
DA:27,3
DA:28,1
DA:29,3
DA:32,3
DA:33,2
DA:34,2
DA:38,3
DA:39,3
DA:40,3
DA:41,3
DA:42,3
DA:45,3
LF:16
LH:16
BRDA:27,0,0,1
BRDA:27,0,1,2
BRF:2
BRH:2
end_of_record
TN:
SF:/Users/maragreene/Desktop/bookExchange/models/books.js
FN:8,(anonymous_0)
FN:20,(anonymous_1)
FN:27,(anonymous_2)
FN:37,(anonymous_3)
FN:109,(anonymous_4)
FN:120,(anonymous_5)
FNF:6
FNH:5
FNDA:19,(anonymous_0)
FNDA:1,(anonymous_1)
FNDA:2,(anonymous_2)
FNDA:4,(anonymous_3)
FNDA:0,(anonymous_4)
FNDA:1,(anonymous_5)
DA:1,1
DA:2,1
DA:3,1
DA:9,19
DA:15,19
DA:21,1
DA:24,1
DA:28,2
DA:34,2
DA:38,4
DA:39,4
DA:40,4
DA:41,0
DA:48,0
DA:50,4
DA:51,1
DA:57,1
DA:58,1
DA:59,0
DA:63,1
DA:66,3
DA:67,1
DA:73,1
DA:74,0
DA:77,1
DA:80,2
DA:81,1
DA:87,1
DA:88,0
DA:91,1
DA:94,1
DA:95,1
DA:101,1
DA:102,0
DA:105,1
DA:110,0
DA:111,0
DA:112,0
DA:113,0
DA:114,0
DA:116,0
DA:121,1
DA:128,1
DA:129,0
DA:138,1
LF:45
LH:32
BRDA:40,0,0,0
BRDA:40,0,1,4
BRDA:50,1,0,1
BRDA:50,1,1,3
BRDA:58,2,0,0
BRDA:58,2,1,1
BRDA:66,3,0,1
BRDA:66,3,1,2
BRDA:73,4,0,0
BRDA:73,4,1,1
BRDA:80,5,0,1
BRDA:80,5,1,1
BRDA:87,6,0,0
BRDA:87,6,1,1
BRDA:94,7,0,1
BRDA:94,7,1,0
BRDA:101,8,0,0
BRDA:101,8,1,1
BRDA:113,9,0,0
BRDA:113,9,1,0
BRDA:128,10,0,0
BRDA:128,10,1,1
BRF:22
BRH:13
end_of_record
TN:
SF:/Users/maragreene/Desktop/bookExchange/models/users.js
FN:11,(anonymous_0)
FN:37,(anonymous_1)
FN:73,(anonymous_2)
FN:79,(anonymous_3)
FN:89,(anonymous_4)
FN:107,(anonymous_5)
FNF:6
FNH:6
FNDA:1,(anonymous_0)
FNDA:15,(anonymous_1)
FNDA:1,(anonymous_2)
FNDA:2,(anonymous_3)
FNDA:1,(anonymous_4)
FNDA:1,(anonymous_5)
DA:1,1
DA:2,1
DA:3,1
DA:4,1
DA:5,1
DA:13,1
DA:26,1
DA:27,1
DA:29,1
DA:30,1
DA:31,1
DA:35,0
DA:38,15
DA:45,15
DA:46,0
DA:52,15
DA:54,15
DA:69,15
DA:74,1
DA:76,1
DA:80,2
DA:86,2
DA:93,1
DA:94,1
DA:95,1
DA:96,1
DA:97,0
DA:102,1
DA:108,1
DA:115,1
DA:116,0
DA:123,1
LF:32
LH:28
BRDA:27,0,0,1
BRDA:27,0,1,0
BRDA:30,1,0,1
BRDA:30,1,1,0
BRDA:45,2,0,0
BRDA:45,2,1,15
BRDA:96,3,0,0
BRDA:96,3,1,1
BRDA:115,4,0,0
BRDA:115,4,1,1
BRF:10
BRH:5
end_of_record
